<?xml version="1.0" encoding="UTF-8"?>
<testng-results skipped="0" failed="0" ignored="0" total="1" passed="1">
  <reporter-output>
  </reporter-output>
  <suite name="Default suite" duration-ms="14969" started-at="2021-04-12T23:53:59Z" finished-at="2021-04-12T23:54:14Z">
    <groups>
    </groups>
    <test name="Default test" duration-ms="14969" started-at="2021-04-12T23:53:59Z" finished-at="2021-04-12T23:54:14Z">
      <class name="com.home.qa.testdata.BlindspageTest">
        <test-method status="PASS" signature="setUp()[pri:0, instance:com.home.qa.testdata.BlindspageTest@548a102f]" name="setUp" is-config="true" duration-ms="4203" started-at="2021-04-12T23:53:59Z" finished-at="2021-04-12T23:54:03Z">
          <reporter-output>
          </reporter-output>
        </test-method> <!-- setUp -->
        <test-method status="PASS" signature="WoodblindpageTest()[pri:1, instance:com.home.qa.testdata.BlindspageTest@548a102f]" name="WoodblindpageTest" duration-ms="10744" started-at="2021-04-12T23:54:03Z" finished-at="2021-04-12T23:54:14Z">
          <reporter-output>
          </reporter-output>
        </test-method> <!-- WoodblindpageTest -->
      </class> <!-- com.home.qa.testdata.BlindspageTest -->
    </test> <!-- Default test -->
  </suite> <!-- Default suite -->
</testng-results>
