<?xml version="1.0" encoding="UTF-8"?>
<!-- Generated by org.testng.reporters.JUnitXMLReporter -->
<testsuite hostname="LAPTOP-CJ63G7LO" ignored="3" name="HomeDepot Test" tests="1" failures="0" timestamp="11 Apr 2021 23:41:15 GMT" time="50.141" errors="0">
  <testcase name="giftcards_004" time="45.295" classname="com.homedepot.TestCases.HomeScreenTest"/>
  <testcase name="findastore_003" time="0.0" classname="com.homedepot.TestCases.HomeScreenTest">
    <ignored/>
  </testcase> <!-- findastore_003 -->
  <testcase name="login_001" time="0.0" classname="com.homedepot.TestCases.HomeScreenTest">
    <ignored/>
  </testcase> <!-- login_001 -->
  <testcase name="searchanitem_tc002" time="0.0" classname="com.homedepot.TestCases.HomeScreenTest">
    <ignored/>
  </testcase> <!-- searchanitem_tc002 -->
</testsuite> <!-- HomeDepot Test -->
