<?xml version="1.0" encoding="UTF-8"?>
<!-- Generated by org.testng.reporters.JUnitXMLReporter -->
<testsuite hostname="LAPTOP-CJ63G7LO" ignored="0" name="Homedepo App Test Cases" tests="4" failures="1" timestamp="11 Apr 2021 22:49:05 GMT" time="78.473" errors="0">
  <testcase name="WoodblindpageTest" time="10.093" classname="com.home.qa.testdata.BlindspageTest">
    <failure type="java.lang.AssertionError" message="expected [Window Blinds | All Customizable Window Blinds | Blinds.com] but found [Wood Blinds | Custom Window Blinds | Blinds.com]">
      <![CDATA[java.lang.AssertionError: expected [Window Blinds | All Customizable Window Blinds | Blinds.com] but found [Wood Blinds | Custom Window Blinds | Blinds.com]
at com.home.qa.testdata.BlindspageTest.WoodblindpageTest(BlindspageTest.java:45)
... Removed 31 stack frames]]>
    </failure>
  </testcase> <!-- WoodblindpageTest -->
  <testcase name="CareerspageTest" time="19.193" classname="com.home.qa.testdata.CareerspageTest"/>
  <testcase name="HompageTitleTest" time="18.069" classname="com.home.qa.testdata.HomePageTest"/>
  <testcase name="HuskypageTest" time="14.196" classname="com.home.qa.testdata.HuskypageTest"/>
</testsuite> <!-- Homedepo App Test Cases -->
